Classic Timing Analyzer report for somadorSubtrador
Fri Apr 26 19:21:08 2019
Quartus II 64-Bit Version 9.1 Build 350 03/24/2010 Service Pack 2 SJ Full Version


---------------------
; Table of Contents ;
---------------------
  1. Legal Notice
  2. Timing Analyzer Summary
  3. Timing Analyzer Settings
  4. Parallel Compilation
  5. tpd
  6. Timing Analyzer Messages



----------------
; Legal Notice ;
----------------
Copyright (C) 1991-2010 Altera Corporation
Your use of Altera Corporation's design tools, logic functions 
and other software and tools, and its AMPP partner logic 
functions, and any output files from any of the foregoing 
(including device programming or simulation files), and any 
associated documentation or information are expressly subject 
to the terms and conditions of the Altera Program License 
Subscription Agreement, Altera MegaCore Function License 
Agreement, or other applicable license agreement, including, 
without limitation, that your use is for the sole purpose of 
programming logic devices manufactured by Altera and sold by 
Altera or its authorized distributors.  Please refer to the 
applicable agreement for further details.



+-------------------------------------------------------------------------------------------------------------------------+
; Timing Analyzer Summary                                                                                                 ;
+------------------------------+-------+---------------+-------------+------+------+------------+----------+--------------+
; Type                         ; Slack ; Required Time ; Actual Time ; From ; To   ; From Clock ; To Clock ; Failed Paths ;
+------------------------------+-------+---------------+-------------+------+------+------------+----------+--------------+
; Worst-case tpd               ; N/A   ; None          ; 10.910 ns   ; S[0] ; D[5] ; --         ; --       ; 0            ;
; Total number of failed paths ;       ;               ;             ;      ;      ;            ;          ; 0            ;
+------------------------------+-------+---------------+-------------+------+------+------------+----------+--------------+


+-----------------------------------------------------------------------------------------------------------------------------------------------------+
; Timing Analyzer Settings                                                                                                                            ;
+------------------------------------------------------------------------------------------------------+--------------------+------+----+-------------+
; Option                                                                                               ; Setting            ; From ; To ; Entity Name ;
+------------------------------------------------------------------------------------------------------+--------------------+------+----+-------------+
; Device Name                                                                                          ; EP2S15F484C3       ;      ;    ;             ;
; Timing Models                                                                                        ; Final              ;      ;    ;             ;
; Default hold multicycle                                                                              ; Same as Multicycle ;      ;    ;             ;
; Cut paths between unrelated clock domains                                                            ; On                 ;      ;    ;             ;
; Cut off read during write signal paths                                                               ; On                 ;      ;    ;             ;
; Cut off feedback from I/O pins                                                                       ; On                 ;      ;    ;             ;
; Report Combined Fast/Slow Timing                                                                     ; Off                ;      ;    ;             ;
; Ignore Clock Settings                                                                                ; Off                ;      ;    ;             ;
; Analyze latches as synchronous elements                                                              ; On                 ;      ;    ;             ;
; Enable Recovery/Removal analysis                                                                     ; Off                ;      ;    ;             ;
; Enable Clock Latency                                                                                 ; Off                ;      ;    ;             ;
; Use TimeQuest Timing Analyzer                                                                        ; Off                ;      ;    ;             ;
; Number of source nodes to report per destination node                                                ; 10                 ;      ;    ;             ;
; Number of destination nodes to report                                                                ; 10                 ;      ;    ;             ;
; Number of paths to report                                                                            ; 200                ;      ;    ;             ;
; Report Minimum Timing Checks                                                                         ; Off                ;      ;    ;             ;
; Use Fast Timing Models                                                                               ; Off                ;      ;    ;             ;
; Report IO Paths Separately                                                                           ; Off                ;      ;    ;             ;
; Perform Multicorner Analysis                                                                         ; On                 ;      ;    ;             ;
; Reports the worst-case path for each clock domain and analysis                                       ; Off                ;      ;    ;             ;
; Reports worst-case timing paths for each clock domain and analysis                                   ; Off                ;      ;    ;             ;
; Specifies the maximum number of worst-case timing paths to report for each clock domain and analysis ; 100                ;      ;    ;             ;
; Removes common clock path pessimism (CCPP) during slack computation                                  ; Off                ;      ;    ;             ;
; Output I/O Timing Endpoint                                                                           ; Near End           ;      ;    ;             ;
+------------------------------------------------------------------------------------------------------+--------------------+------+----+-------------+


+------------------------------------------+
; Parallel Compilation                     ;
+----------------------------+-------------+
; Processors                 ; Number      ;
+----------------------------+-------------+
; Number detected on machine ; 4           ;
; Maximum allowed            ; 4           ;
;                            ;             ;
; Average used               ; 1.00        ;
; Maximum used               ; 1           ;
;                            ;             ;
; Usage by Processor         ; % Time Used ;
;     1 processor            ; 100.0%      ;
;     2-4 processors         ;   0.0%      ;
+----------------------------+-------------+


+-----------------------------------------------------------+
; tpd                                                       ;
+-------+-------------------+-----------------+------+------+
; Slack ; Required P2P Time ; Actual P2P Time ; From ; To   ;
+-------+-------------------+-----------------+------+------+
; N/A   ; None              ; 10.910 ns       ; S[0] ; D[5] ;
; N/A   ; None              ; 10.744 ns       ; S[0] ; D[6] ;
; N/A   ; None              ; 10.590 ns       ; S[1] ; D[5] ;
; N/A   ; None              ; 10.439 ns       ; S[0] ; D[1] ;
; N/A   ; None              ; 10.426 ns       ; S[0] ; D[0] ;
; N/A   ; None              ; 10.399 ns       ; S[0] ; D[4] ;
; N/A   ; None              ; 10.392 ns       ; S[1] ; D[6] ;
; N/A   ; None              ; 10.320 ns       ; S[0] ; D[2] ;
; N/A   ; None              ; 10.100 ns       ; S[1] ; D[0] ;
; N/A   ; None              ; 10.081 ns       ; S[1] ; D[2] ;
; N/A   ; None              ; 10.077 ns       ; S[1] ; D[4] ;
; N/A   ; None              ; 9.982 ns        ; S[1] ; D[1] ;
; N/A   ; None              ; 9.820 ns        ; S[3] ; D[5] ;
; N/A   ; None              ; 9.621 ns        ; S[3] ; D[6] ;
; N/A   ; None              ; 9.340 ns        ; S[3] ; D[1] ;
; N/A   ; None              ; 9.329 ns        ; S[3] ; D[0] ;
; N/A   ; None              ; 9.308 ns        ; S[3] ; D[4] ;
; N/A   ; None              ; 9.120 ns        ; S[0] ; D[3] ;
; N/A   ; None              ; 8.668 ns        ; S[1] ; D[3] ;
; N/A   ; None              ; 8.027 ns        ; S[3] ; D[3] ;
; N/A   ; None              ; 6.989 ns        ; S[2] ; D[5] ;
; N/A   ; None              ; 6.791 ns        ; S[2] ; D[6] ;
; N/A   ; None              ; 6.518 ns        ; S[2] ; D[1] ;
; N/A   ; None              ; 6.506 ns        ; S[2] ; D[0] ;
; N/A   ; None              ; 6.478 ns        ; S[2] ; D[4] ;
; N/A   ; None              ; 6.101 ns        ; S[2] ; D[2] ;
; N/A   ; None              ; 5.198 ns        ; S[2] ; D[3] ;
+-------+-------------------+-----------------+------+------+


+--------------------------+
; Timing Analyzer Messages ;
+--------------------------+
Info: *******************************************************************
Info: Running Quartus II 64-Bit Classic Timing Analyzer
    Info: Version 9.1 Build 350 03/24/2010 Service Pack 2 SJ Full Version
    Info: Processing started: Fri Apr 26 19:21:08 2019
Info: Command: quartus_tan --read_settings_files=off --write_settings_files=off projetoSD -c somadorSubtrador --timing_analysis_only
Info: Parallel compilation is enabled and will use 4 of the 4 processors detected
Info: Longest tpd from source pin "S[0]" to destination pin "D[5]" is 10.910 ns
    Info: 1: + IC(0.000 ns) + CELL(0.837 ns) = 0.837 ns; Loc. = PIN_Y14; Fanout = 7; PIN Node = 'S[0]'
    Info: 2: + IC(5.041 ns) + CELL(0.225 ns) = 6.103 ns; Loc. = LCCOMB_X18_Y26_N16; Fanout = 1; COMB Node = 'DisplayF:inst5|inst10~0'
    Info: 3: + IC(2.693 ns) + CELL(2.114 ns) = 10.910 ns; Loc. = PIN_N8; Fanout = 0; PIN Node = 'D[5]'
    Info: Total cell delay = 3.176 ns ( 29.11 % )
    Info: Total interconnect delay = 7.734 ns ( 70.89 % )
Info: Quartus II 64-Bit Classic Timing Analyzer was successful. 0 errors, 0 warnings
    Info: Peak virtual memory: 288 megabytes
    Info: Processing ended: Fri Apr 26 19:21:08 2019
    Info: Elapsed time: 00:00:00
    Info: Total CPU time (on all processors): 00:00:00


